<?xml version="1.0" encoding="UTF-8"?>
<!-- Generated by org.testng.reporters.JUnitXMLReporter -->
<testsuite hostname="INW-170" ignored="4" name="AFullRegUser Test" tests="14" failures="0" timestamp="30 May 2019 15:19:43 GMT" time="5.312" errors="0">
  <testcase name="Refresh" time="1.876" classname="com.maven.PchTestClass.FullRegtest"/>
  <testcase name="TitleTest" time="0.23" classname="com.maven.PchTestClass.FullRegtest"/>
  <testcase name="FirstNameTest" time="0.156" classname="com.maven.PchTestClass.FullRegtest"/>
  <testcase name="LastNameTest" time="0.258" classname="com.maven.PchTestClass.FullRegtest"/>
  <testcase name="AddTest" time="0.142" classname="com.maven.PchTestClass.FullRegtest"/>
  <testcase name="AptTest" time="0.32" classname="com.maven.PchTestClass.FullRegtest"/>
  <testcase name="CityTest" time="0.312" classname="com.maven.PchTestClass.FullRegtest"/>
  <testcase name="StateTest" time="0.174" classname="com.maven.PchTestClass.FullRegtest"/>
  <testcase name="ZipTest" time="0.211" classname="com.maven.PchTestClass.FullRegtest"/>
  <testcase name="EmailTest" time="0.403" classname="com.maven.PchTestClass.FullRegtest"/>
  <testcase name="CnEmailTest" time="0.737" classname="com.maven.PchTestClass.FullRegtest"/>
  <testcase name="PwdTest" time="0.216" classname="com.maven.PchTestClass.FullRegtest"/>
  <testcase name="CnPwdTest" time="0.17" classname="com.maven.PchTestClass.FullRegtest"/>
  <testcase name="SubmitbtnTest" time="0.083" classname="com.maven.PchTestClass.FullRegtest"/>
  <testcase name="BlankSubmitbtnTest" time="0.0" classname="com.maven.PchTestClass.FullRegtest">
    <ignored/>
  </testcase> <!-- BlankSubmitbtnTest -->
  <testcase name="FirstNameTest1" time="0.0" classname="com.maven.PchTestClass.FullRegtest">
    <ignored/>
  </testcase> <!-- FirstNameTest1 -->
  <testcase name="TitleTest1" time="0.0" classname="com.maven.PchTestClass.FullRegtest">
    <ignored/>
  </testcase> <!-- TitleTest1 -->
  <testcase name="LastNameTest1" time="0.0" classname="com.maven.PchTestClass.FullRegtest">
    <ignored/>
  </testcase> <!-- LastNameTest1 -->
</testsuite> <!-- AFullRegUser Test -->
