<?xml version="1.0" encoding="UTF-8"?>
<!-- Generated by org.testng.reporters.JUnitXMLReporter -->
<testsuite hostname="INW-170" ignored="16" name="Blank PageReg Test" tests="2" failures="0" timestamp="30 May 2019 15:19:37 GMT" time="1.463" errors="0">
  <testcase name="Refresh" time="1.35" classname="com.maven.PchTestClass.FullRegtest"/>
  <testcase name="BlankSubmitbtnTest" time="0.107" classname="com.maven.PchTestClass.FullRegtest"/>
  <testcase name="PwdTest" time="0.0" classname="com.maven.PchTestClass.FullRegtest">
    <ignored/>
  </testcase> <!-- PwdTest -->
  <testcase name="LastNameTest" time="0.0" classname="com.maven.PchTestClass.FullRegtest">
    <ignored/>
  </testcase> <!-- LastNameTest -->
  <testcase name="LastNameTest1" time="0.0" classname="com.maven.PchTestClass.FullRegtest">
    <ignored/>
  </testcase> <!-- LastNameTest1 -->
  <testcase name="AptTest" time="0.0" classname="com.maven.PchTestClass.FullRegtest">
    <ignored/>
  </testcase> <!-- AptTest -->
  <testcase name="TitleTest" time="0.0" classname="com.maven.PchTestClass.FullRegtest">
    <ignored/>
  </testcase> <!-- TitleTest -->
  <testcase name="CnPwdTest" time="0.0" classname="com.maven.PchTestClass.FullRegtest">
    <ignored/>
  </testcase> <!-- CnPwdTest -->
  <testcase name="AddTest" time="0.0" classname="com.maven.PchTestClass.FullRegtest">
    <ignored/>
  </testcase> <!-- AddTest -->
  <testcase name="CityTest" time="0.0" classname="com.maven.PchTestClass.FullRegtest">
    <ignored/>
  </testcase> <!-- CityTest -->
  <testcase name="FirstNameTest" time="0.0" classname="com.maven.PchTestClass.FullRegtest">
    <ignored/>
  </testcase> <!-- FirstNameTest -->
  <testcase name="SubmitbtnTest" time="0.0" classname="com.maven.PchTestClass.FullRegtest">
    <ignored/>
  </testcase> <!-- SubmitbtnTest -->
  <testcase name="FirstNameTest1" time="0.0" classname="com.maven.PchTestClass.FullRegtest">
    <ignored/>
  </testcase> <!-- FirstNameTest1 -->
  <testcase name="TitleTest1" time="0.0" classname="com.maven.PchTestClass.FullRegtest">
    <ignored/>
  </testcase> <!-- TitleTest1 -->
  <testcase name="EmailTest" time="0.0" classname="com.maven.PchTestClass.FullRegtest">
    <ignored/>
  </testcase> <!-- EmailTest -->
  <testcase name="StateTest" time="0.0" classname="com.maven.PchTestClass.FullRegtest">
    <ignored/>
  </testcase> <!-- StateTest -->
  <testcase name="ZipTest" time="0.0" classname="com.maven.PchTestClass.FullRegtest">
    <ignored/>
  </testcase> <!-- ZipTest -->
  <testcase name="CnEmailTest" time="0.0" classname="com.maven.PchTestClass.FullRegtest">
    <ignored/>
  </testcase> <!-- CnEmailTest -->
</testsuite> <!-- Blank PageReg Test -->
