<?xml version="1.0" encoding="UTF-8"?>
<!-- Generated by org.testng.reporters.JUnitXMLReporter -->
<testsuite hostname="INW-170" ignored="24" name="Capsule_Add_Cases Test" tests="7" failures="0" timestamp="28 Aug 2019 14:29:56 GMT" time="5.415" errors="0">
  <testcase name="CasesTest" time="0.135" classname="com.maven.CapsuleTest.AddCasesTest"/>
  <testcase name="AddCasesTest" time="0.854" classname="com.maven.CapsuleTest.AddCasesTest"/>
  <testcase name="CasesTextBxTest" time="3.68" classname="com.maven.CapsuleTest.AddCasesTest"/>
  <testcase name="NameTxtBxTest" time="0.176" classname="com.maven.CapsuleTest.AddCasesTest"/>
  <testcase name="DescrpTest" time="0.226" classname="com.maven.CapsuleTest.AddCasesTest"/>
  <testcase name="TagTest" time="0.213" classname="com.maven.CapsuleTest.AddCasesTest"/>
  <testcase name="SaveBtnTest" time="0.119" classname="com.maven.CapsuleTest.AddCasesTest"/>
  <testcase name="CityTest" time="0.0" classname="com.maven.CapsuleTest.AddPeopleTest">
    <ignored/>
  </testcase> <!-- CityTest -->
  <testcase name="ZipTest" time="0.0" classname="com.maven.CapsuleTest.AddPeopleTest">
    <ignored/>
  </testcase> <!-- ZipTest -->
  <testcase name="StateTest" time="0.0" classname="com.maven.CapsuleTest.AddPeopleTest">
    <ignored/>
  </testcase> <!-- StateTest -->
  <testcase name="EmailTest" time="0.0" classname="com.maven.CapsuleTest.AddPeopleTest">
    <ignored/>
  </testcase> <!-- EmailTest -->
  <testcase name="PhoneNumberTest" time="0.0" classname="com.maven.CapsuleTest.AddPeopleTest">
    <ignored/>
  </testcase> <!-- PhoneNumberTest -->
  <testcase name="AddressTest" time="0.0" classname="com.maven.CapsuleTest.AddPeopleTest">
    <ignored/>
  </testcase> <!-- AddressTest -->
  <testcase name="PeopleTest" time="0.0" classname="com.maven.CapsuleTest.AddPeopleTest">
    <ignored/>
  </testcase> <!-- PeopleTest -->
  <testcase name="WebsitesTest" time="0.0" classname="com.maven.CapsuleTest.AddPeopleTest">
    <ignored/>
  </testcase> <!-- WebsitesTest -->
  <testcase name="PasswordTest" time="0.0" classname="com.maven.CapsuleTest.LoginTest">
    <ignored/>
  </testcase> <!-- PasswordTest -->
  <testcase name="AddanAddressTest" time="0.0" classname="com.maven.CapsuleTest.AddPeopleTest">
    <ignored/>
  </testcase> <!-- AddanAddressTest -->
  <testcase name="SocialsTypeTest" time="0.0" classname="com.maven.CapsuleTest.AddPeopleTest">
    <ignored/>
  </testcase> <!-- SocialsTypeTest -->
  <testcase name="TitleTest" time="0.0" classname="com.maven.CapsuleTest.AddPeopleTest">
    <ignored/>
  </testcase> <!-- TitleTest -->
  <testcase name="OrganisationTest" time="0.0" classname="com.maven.CapsuleTest.AddPeopleTest">
    <ignored/>
  </testcase> <!-- OrganisationTest -->
  <testcase name="UsernameTest" time="0.0" classname="com.maven.CapsuleTest.LoginTest">
    <ignored/>
  </testcase> <!-- UsernameTest -->
  <testcase name="LNameTest" time="0.0" classname="com.maven.CapsuleTest.AddPeopleTest">
    <ignored/>
  </testcase> <!-- LNameTest -->
  <testcase name="CountryTest" time="0.0" classname="com.maven.CapsuleTest.AddPeopleTest">
    <ignored/>
  </testcase> <!-- CountryTest -->
  <testcase name="JobTitleTest" time="0.0" classname="com.maven.CapsuleTest.AddPeopleTest">
    <ignored/>
  </testcase> <!-- JobTitleTest -->
  <testcase name="AddPersonTest" time="0.0" classname="com.maven.CapsuleTest.AddPeopleTest">
    <ignored/>
  </testcase> <!-- AddPersonTest -->
  <testcase name="SocialsTest" time="0.0" classname="com.maven.CapsuleTest.AddPeopleTest">
    <ignored/>
  </testcase> <!-- SocialsTest -->
  <testcase name="EmailTypeTest" time="0.0" classname="com.maven.CapsuleTest.AddPeopleTest">
    <ignored/>
  </testcase> <!-- EmailTypeTest -->
  <testcase name="AddressTypeTest" time="0.0" classname="com.maven.CapsuleTest.AddPeopleTest">
    <ignored/>
  </testcase> <!-- AddressTypeTest -->
  <testcase name="SubmitTest" time="0.0" classname="com.maven.CapsuleTest.LoginTest">
    <ignored/>
  </testcase> <!-- SubmitTest -->
  <testcase name="PhoneTypeTest" time="0.0" classname="com.maven.CapsuleTest.AddPeopleTest">
    <ignored/>
  </testcase> <!-- PhoneTypeTest -->
  <testcase name="FNameTest" time="0.0" classname="com.maven.CapsuleTest.AddPeopleTest">
    <ignored/>
  </testcase> <!-- FNameTest -->
</testsuite> <!-- Capsule_Add_Cases Test -->
