<?xml version="1.0" encoding="UTF-8"?>
<!-- Generated by org.testng.reporters.JUnitXMLReporter -->
<testsuite hostname="INW-170" ignored="0" name="Capsule_Login Test" tests="3" failures="0" timestamp="28 Aug 2019 14:29:37 GMT" time="6.251" errors="0">
  <testcase name="UsernameTest" time="0.18" classname="com.maven.CapsuleTest.LoginTest"/>
  <testcase name="PasswordTest" time="0.212" classname="com.maven.CapsuleTest.LoginTest"/>
  <testcase name="SubmitTest" time="5.758" classname="com.maven.CapsuleTest.LoginTest"/>
</testsuite> <!-- Capsule_Login Test -->
