<?xml version="1.0" encoding="UTF-8"?>
<!-- Generated by org.testng.reporters.JUnitXMLReporter -->
<testsuite hostname="INW-170" ignored="4" name="Case_test" tests="1" failures="0" timestamp="30 Sep 2019 11:27:18 GMT" time="5.177" errors="0">
  <testcase name="NewCaseTest" time="5.168" classname="com.maven.CapsuleMain.Test.NewCase"/>
  <testcase name="CasesTest" time="0.0" classname="com.maven.CapsuleMain.Test.NewCase">
    <ignored/>
  </testcase> <!-- CasesTest -->
  <testcase name="Browser" time="0.0" classname="com.maven.Utilities.OpenTest">
    <ignored/>
  </testcase> <!-- Browser -->
  <testcase name="NewPersonTest" time="0.0" classname="com.maven.CapsuleMain.Test.NewPerson">
    <ignored/>
  </testcase> <!-- NewPersonTest -->
  <testcase name="LoginTest" time="0.0" classname="com.maven.CapsuleMain.Test.CapsuleLoginTest">
    <ignored/>
  </testcase> <!-- LoginTest -->
</testsuite> <!-- Case_test -->
