<?xml version="1.0" encoding="UTF-8"?>
<!-- Generated by org.testng.reporters.JUnitXMLReporter -->
<testsuite hostname="INW-170" ignored="0" name="Extent Report Test" tests="13" failures="1" timestamp="04 Mar 2019 14:23:43 GMT" time="1.51" errors="0">
  <testcase name="reportPassTest1" time="0.011" classname="com.maven.ExtentReport.ExtentDemo"/>
  <testcase name="reportPassTest10" time="0.001" classname="com.maven.ExtentReport.ExtentDemo"/>
  <testcase name="reportPassTest11" time="0.006" classname="com.maven.ExtentReport.ExtentDemo"/>
  <testcase name="reportPassTest2" time="0.002" classname="com.maven.ExtentReport.ExtentDemo"/>
  <testcase name="reportPassTest3" time="0.002" classname="com.maven.ExtentReport.ExtentDemo"/>
  <testcase name="reportPassTest4" time="0.003" classname="com.maven.ExtentReport.ExtentDemo"/>
  <testcase name="reportPassTest5" time="0.004" classname="com.maven.ExtentReport.ExtentDemo"/>
  <testcase name="reportPassTest6" time="0.001" classname="com.maven.ExtentReport.ExtentDemo"/>
  <testcase name="reportPassTest7" time="0.002" classname="com.maven.ExtentReport.ExtentDemo"/>
  <testcase name="reportPassTest8" time="0.001" classname="com.maven.ExtentReport.ExtentDemo"/>
  <testcase name="reportPassTest9" time="0.002" classname="com.maven.ExtentReport.ExtentDemo"/>
  <testcase name="reportfailTest" time="0.007" classname="com.maven.ExtentReport.ExtentDemo">
    <failure type="java.lang.AssertionError" message="expected [true] but found [false]">
      <![CDATA[java.lang.AssertionError: expected [true] but found [false]
at com.maven.ExtentReport.ExtentDemo.reportfailTest(ExtentDemo.java:126)
at java.util.concurrent.ThreadPoolExecutor.runWorker(ThreadPoolExecutor.java:1142)
at java.util.concurrent.ThreadPoolExecutor$Worker.run(ThreadPoolExecutor.java:617)
at java.lang.Thread.run(Thread.java:745)
... Removed 14 stack frames]]>
    </failure>
  </testcase> <!-- reportfailTest -->
  <testcase name="skipTest" time="0.001" classname="com.maven.ExtentReport.ExtentDemo">
    <skipped/>
  </testcase> <!-- skipTest -->
</testsuite> <!-- Extent Report Test -->
