<?xml version="1.0" encoding="UTF-8"?>
<!-- Generated by org.testng.reporters.JUnitXMLReporter -->
<testsuite hostname="INW-170" ignored="1" name="Login_test" tests="1" failures="0" timestamp="30 Sep 2019 11:27:04 GMT" time="31.156" errors="0">
  <testcase name="LoginTest" time="31.152" classname="com.maven.CapsuleMain.Test.CapsuleLoginTest"/>
  <testcase name="Browser" time="0.0" classname="com.maven.Utilities.OpenTest">
    <ignored/>
  </testcase> <!-- Browser -->
</testsuite> <!-- Login_test -->
