<?xml version="1.0" encoding="UTF-8"?>
<!-- Generated by org.testng.reporters.JUnitXMLReporter -->
<testsuite hostname="INW-170" ignored="0" name="Login Test" tests="3" failures="0" timestamp="23 May 2019 11:56:01 GMT" time="1.629" errors="0">
  <testcase name="EmailTest" time="0.829" classname="com.maven.PchTestClass.LoginTest"/>
  <testcase name="PwdTest" time="0.381" classname="com.maven.PchTestClass.LoginTest"/>
  <testcase name="SubmitbtnTest" time="0.398" classname="com.maven.PchTestClass.LoginTest"/>
</testsuite> <!-- Login Test -->
