<?xml version="1.0" encoding="UTF-8"?>
<!-- Generated by org.testng.reporters.JUnitXMLReporter -->
<testsuite hostname="INW-170" ignored="0" name="Logout Test" tests="5" failures="0" timestamp="23 May 2019 11:56:41 GMT" time="40.086" errors="0">
  <testcase name="SigninTest" time="17.352" classname="com.maven.PchTestClass.LogoutTest"/>
  <testcase name="EmailTest" time="2.534" classname="com.maven.PchTestClass.LogoutTest"/>
  <testcase name="PwdTest" time="0.464" classname="com.maven.PchTestClass.LogoutTest"/>
  <testcase name="SubmitbtnTest" time="0.445" classname="com.maven.PchTestClass.LogoutTest"/>
  <testcase name="LogoutbtnTest" time="19.246" classname="com.maven.PchTestClass.LogoutTest"/>
</testsuite> <!-- Logout Test -->
