<?xml version="1.0" encoding="UTF-8"?>
<!-- Generated by org.testng.reporters.JUnitXMLReporter -->
<testsuite hostname="INW-170" ignored="0" name="Method Test Case 2" tests="6" failures="0" timestamp="16 Jan 2019 14:13:59 GMT" time="24.681" errors="0">
  <testcase name="hoteltest" time="3.361" classname="com.maven.newclasses.Hotels"/>
  <testcase name="checkintest" time="5.001" classname="com.maven.newclasses.Hotels"/>
  <testcase name="checkouttest" time="3.777" classname="com.maven.newclasses.Hotels"/>
  <testcase name="adulttest" time="4.352" classname="com.maven.newclasses.Hotels"/>
  <testcase name="childtest" time="3.099" classname="com.maven.newclasses.Hotels"/>
  <testcase name="searchbtn" time="5.005" classname="com.maven.newclasses.Hotels"/>
</testsuite> <!-- Method Test Case 2 -->
