<?xml version="1.0" encoding="UTF-8"?>
<!-- Generated by org.testng.reporters.JUnitXMLReporter -->
<testsuite hostname="INW-170" ignored="5" name="Negative PageReg Test1" tests="13" failures="0" timestamp="30 May 2019 15:19:25 GMT" time="3.922" errors="0">
  <testcase name="TitleTest1" time="0.23" classname="com.maven.PchTestClass.FullRegtest"/>
  <testcase name="FirstNameTest1" time="0.269" classname="com.maven.PchTestClass.FullRegtest"/>
  <testcase name="LastNameTest1" time="0.198" classname="com.maven.PchTestClass.FullRegtest"/>
  <testcase name="AddTest" time="0.176" classname="com.maven.PchTestClass.FullRegtest"/>
  <testcase name="AptTest" time="0.367" classname="com.maven.PchTestClass.FullRegtest"/>
  <testcase name="CityTest" time="0.478" classname="com.maven.PchTestClass.FullRegtest"/>
  <testcase name="StateTest" time="0.23" classname="com.maven.PchTestClass.FullRegtest"/>
  <testcase name="ZipTest" time="0.239" classname="com.maven.PchTestClass.FullRegtest"/>
  <testcase name="EmailTest" time="0.63" classname="com.maven.PchTestClass.FullRegtest"/>
  <testcase name="CnEmailTest" time="0.583" classname="com.maven.PchTestClass.FullRegtest"/>
  <testcase name="PwdTest" time="0.171" classname="com.maven.PchTestClass.FullRegtest"/>
  <testcase name="CnPwdTest" time="0.14" classname="com.maven.PchTestClass.FullRegtest"/>
  <testcase name="SubmitbtnTest" time="0.123" classname="com.maven.PchTestClass.FullRegtest"/>
  <testcase name="Refresh" time="0.0" classname="com.maven.PchTestClass.FullRegtest">
    <ignored/>
  </testcase> <!-- Refresh -->
  <testcase name="FirstNameTest" time="0.0" classname="com.maven.PchTestClass.FullRegtest">
    <ignored/>
  </testcase> <!-- FirstNameTest -->
  <testcase name="BlankSubmitbtnTest" time="0.0" classname="com.maven.PchTestClass.FullRegtest">
    <ignored/>
  </testcase> <!-- BlankSubmitbtnTest -->
  <testcase name="LastNameTest" time="0.0" classname="com.maven.PchTestClass.FullRegtest">
    <ignored/>
  </testcase> <!-- LastNameTest -->
  <testcase name="TitleTest" time="0.0" classname="com.maven.PchTestClass.FullRegtest">
    <ignored/>
  </testcase> <!-- TitleTest -->
</testsuite> <!-- Negative PageReg Test1 -->
