<?xml version="1.0" encoding="UTF-8"?>
<!-- Generated by org.testng.reporters.JUnitXMLReporter -->
<testsuite hostname="INW-170" ignored="27" name="Negative PageReg Test2" tests="13" failures="0" timestamp="30 May 2019 15:01:40 GMT" time="4.134" errors="0">
  <testcase name="Refresh" time="1.748" classname="com.maven.PchTestClass.FullRegtest"/>
  <testcase name="TitleTest2" time="0.136" classname="com.maven.PchTestClass.FullRegtest"/>
  <testcase name="LastNameTest2" time="0.121" classname="com.maven.PchTestClass.FullRegtest"/>
  <testcase name="AddTest2" time="0.138" classname="com.maven.PchTestClass.FullRegtest"/>
  <testcase name="AptTest1" time="0.184" classname="com.maven.PchTestClass.FullRegtest"/>
  <testcase name="CityTest2" time="0.208" classname="com.maven.PchTestClass.FullRegtest"/>
  <testcase name="StateTest2" time="0.106" classname="com.maven.PchTestClass.FullRegtest"/>
  <testcase name="ZipTest2" time="0.145" classname="com.maven.PchTestClass.FullRegtest"/>
  <testcase name="EmailTest2" time="0.422" classname="com.maven.PchTestClass.FullRegtest"/>
  <testcase name="CnEmailTest2" time="0.398" classname="com.maven.PchTestClass.FullRegtest"/>
  <testcase name="PwdTest2" time="0.231" classname="com.maven.PchTestClass.FullRegtest"/>
  <testcase name="CnPwdTest2" time="0.141" classname="com.maven.PchTestClass.FullRegtest"/>
  <testcase name="SubmitbtnTest2" time="0.112" classname="com.maven.PchTestClass.FullRegtest"/>
  <testcase name="PwdTest" time="0.0" classname="com.maven.PchTestClass.FullRegtest">
    <ignored/>
  </testcase> <!-- PwdTest -->
  <testcase name="LastNameTest" time="0.0" classname="com.maven.PchTestClass.FullRegtest">
    <ignored/>
  </testcase> <!-- LastNameTest -->
  <testcase name="AptTest" time="0.0" classname="com.maven.PchTestClass.FullRegtest">
    <ignored/>
  </testcase> <!-- AptTest -->
  <testcase name="LastNameTest1" time="0.0" classname="com.maven.PchTestClass.FullRegtest">
    <ignored/>
  </testcase> <!-- LastNameTest1 -->
  <testcase name="StateTest1" time="0.0" classname="com.maven.PchTestClass.FullRegtest">
    <ignored/>
  </testcase> <!-- StateTest1 -->
  <testcase name="CnPwdTest" time="0.0" classname="com.maven.PchTestClass.FullRegtest">
    <ignored/>
  </testcase> <!-- CnPwdTest -->
  <testcase name="AddTest" time="0.0" classname="com.maven.PchTestClass.FullRegtest">
    <ignored/>
  </testcase> <!-- AddTest -->
  <testcase name="CnPwdTest1" time="0.0" classname="com.maven.PchTestClass.FullRegtest">
    <ignored/>
  </testcase> <!-- CnPwdTest1 -->
  <testcase name="FirstNameTest" time="0.0" classname="com.maven.PchTestClass.FullRegtest">
    <ignored/>
  </testcase> <!-- FirstNameTest -->
  <testcase name="CityTest1" time="0.0" classname="com.maven.PchTestClass.FullRegtest">
    <ignored/>
  </testcase> <!-- CityTest1 -->
  <testcase name="SubmitbtnTest" time="0.0" classname="com.maven.PchTestClass.FullRegtest">
    <ignored/>
  </testcase> <!-- SubmitbtnTest -->
  <testcase name="FirstNameTest1" time="0.0" classname="com.maven.PchTestClass.FullRegtest">
    <ignored/>
  </testcase> <!-- FirstNameTest1 -->
  <testcase name="TitleTest1" time="0.0" classname="com.maven.PchTestClass.FullRegtest">
    <ignored/>
  </testcase> <!-- TitleTest1 -->
  <testcase name="EmailTest" time="0.0" classname="com.maven.PchTestClass.FullRegtest">
    <ignored/>
  </testcase> <!-- EmailTest -->
  <testcase name="StateTest" time="0.0" classname="com.maven.PchTestClass.FullRegtest">
    <ignored/>
  </testcase> <!-- StateTest -->
  <testcase name="AptTest2" time="0.0" classname="com.maven.PchTestClass.FullRegtest">
    <ignored/>
  </testcase> <!-- AptTest2 -->
  <testcase name="CnEmailTest" time="0.0" classname="com.maven.PchTestClass.FullRegtest">
    <ignored/>
  </testcase> <!-- CnEmailTest -->
  <testcase name="CnEmailTest1" time="0.0" classname="com.maven.PchTestClass.FullRegtest">
    <ignored/>
  </testcase> <!-- CnEmailTest1 -->
  <testcase name="BlankSubmitbtnTest" time="0.0" classname="com.maven.PchTestClass.FullRegtest">
    <ignored/>
  </testcase> <!-- BlankSubmitbtnTest -->
  <testcase name="EmailTest1" time="0.0" classname="com.maven.PchTestClass.FullRegtest">
    <ignored/>
  </testcase> <!-- EmailTest1 -->
  <testcase name="SubmitbtnTest1" time="0.0" classname="com.maven.PchTestClass.FullRegtest">
    <ignored/>
  </testcase> <!-- SubmitbtnTest1 -->
  <testcase name="TitleTest" time="0.0" classname="com.maven.PchTestClass.FullRegtest">
    <ignored/>
  </testcase> <!-- TitleTest -->
  <testcase name="AddTest1" time="0.0" classname="com.maven.PchTestClass.FullRegtest">
    <ignored/>
  </testcase> <!-- AddTest1 -->
  <testcase name="CityTest" time="0.0" classname="com.maven.PchTestClass.FullRegtest">
    <ignored/>
  </testcase> <!-- CityTest -->
  <testcase name="PwdTest1" time="0.0" classname="com.maven.PchTestClass.FullRegtest">
    <ignored/>
  </testcase> <!-- PwdTest1 -->
  <testcase name="ZipTest1" time="0.0" classname="com.maven.PchTestClass.FullRegtest">
    <ignored/>
  </testcase> <!-- ZipTest1 -->
  <testcase name="ZipTest" time="0.0" classname="com.maven.PchTestClass.FullRegtest">
    <ignored/>
  </testcase> <!-- ZipTest -->
</testsuite> <!-- Negative PageReg Test2 -->
