<?xml version="1.0" encoding="UTF-8"?>
<!-- Generated by org.testng.reporters.JUnitXMLReporter -->
<testsuite hostname="INW-170" ignored="5" name="NoFName PageReg Test2" tests="13" failures="0" timestamp="30 May 2019 15:19:31 GMT" time="6.062" errors="0">
  <testcase name="Refresh" time="1.925" classname="com.maven.PchTestClass.FullRegtest"/>
  <testcase name="TitleTest" time="0.358" classname="com.maven.PchTestClass.FullRegtest"/>
  <testcase name="LastNameTest" time="0.337" classname="com.maven.PchTestClass.FullRegtest"/>
  <testcase name="AddTest" time="0.257" classname="com.maven.PchTestClass.FullRegtest"/>
  <testcase name="AptTest" time="0.471" classname="com.maven.PchTestClass.FullRegtest"/>
  <testcase name="CityTest" time="0.527" classname="com.maven.PchTestClass.FullRegtest"/>
  <testcase name="StateTest" time="0.255" classname="com.maven.PchTestClass.FullRegtest"/>
  <testcase name="ZipTest" time="0.232" classname="com.maven.PchTestClass.FullRegtest"/>
  <testcase name="EmailTest" time="0.452" classname="com.maven.PchTestClass.FullRegtest"/>
  <testcase name="CnEmailTest" time="0.508" classname="com.maven.PchTestClass.FullRegtest"/>
  <testcase name="PwdTest" time="0.311" classname="com.maven.PchTestClass.FullRegtest"/>
  <testcase name="CnPwdTest" time="0.23" classname="com.maven.PchTestClass.FullRegtest"/>
  <testcase name="SubmitbtnTest" time="0.171" classname="com.maven.PchTestClass.FullRegtest"/>
  <testcase name="FirstNameTest" time="0.0" classname="com.maven.PchTestClass.FullRegtest">
    <ignored/>
  </testcase> <!-- FirstNameTest -->
  <testcase name="BlankSubmitbtnTest" time="0.0" classname="com.maven.PchTestClass.FullRegtest">
    <ignored/>
  </testcase> <!-- BlankSubmitbtnTest -->
  <testcase name="FirstNameTest1" time="0.0" classname="com.maven.PchTestClass.FullRegtest">
    <ignored/>
  </testcase> <!-- FirstNameTest1 -->
  <testcase name="TitleTest1" time="0.0" classname="com.maven.PchTestClass.FullRegtest">
    <ignored/>
  </testcase> <!-- TitleTest1 -->
  <testcase name="LastNameTest1" time="0.0" classname="com.maven.PchTestClass.FullRegtest">
    <ignored/>
  </testcase> <!-- LastNameTest1 -->
</testsuite> <!-- NoFName PageReg Test2 -->
