<?xml version="1.0" encoding="UTF-8"?>
<!-- Generated by org.testng.reporters.JUnitXMLReporter -->
<testsuite hostname="INW-170" ignored="5" name="NoLName PageReg Test3" tests="13" failures="0" timestamp="30 May 2019 15:19:36 GMT" time="5.032" errors="0">
  <testcase name="Refresh" time="1.916" classname="com.maven.PchTestClass.FullRegtest"/>
  <testcase name="TitleTest" time="0.225" classname="com.maven.PchTestClass.FullRegtest"/>
  <testcase name="FirstNameTest" time="0.202" classname="com.maven.PchTestClass.FullRegtest"/>
  <testcase name="AddTest" time="0.119" classname="com.maven.PchTestClass.FullRegtest"/>
  <testcase name="AptTest" time="0.446" classname="com.maven.PchTestClass.FullRegtest"/>
  <testcase name="CityTest" time="0.287" classname="com.maven.PchTestClass.FullRegtest"/>
  <testcase name="StateTest" time="0.145" classname="com.maven.PchTestClass.FullRegtest"/>
  <testcase name="ZipTest" time="0.251" classname="com.maven.PchTestClass.FullRegtest"/>
  <testcase name="EmailTest" time="0.579" classname="com.maven.PchTestClass.FullRegtest"/>
  <testcase name="CnEmailTest" time="0.467" classname="com.maven.PchTestClass.FullRegtest"/>
  <testcase name="PwdTest" time="0.142" classname="com.maven.PchTestClass.FullRegtest"/>
  <testcase name="CnPwdTest" time="0.14" classname="com.maven.PchTestClass.FullRegtest"/>
  <testcase name="SubmitbtnTest" time="0.091" classname="com.maven.PchTestClass.FullRegtest"/>
  <testcase name="BlankSubmitbtnTest" time="0.0" classname="com.maven.PchTestClass.FullRegtest">
    <ignored/>
  </testcase> <!-- BlankSubmitbtnTest -->
  <testcase name="LastNameTest" time="0.0" classname="com.maven.PchTestClass.FullRegtest">
    <ignored/>
  </testcase> <!-- LastNameTest -->
  <testcase name="FirstNameTest1" time="0.0" classname="com.maven.PchTestClass.FullRegtest">
    <ignored/>
  </testcase> <!-- FirstNameTest1 -->
  <testcase name="TitleTest1" time="0.0" classname="com.maven.PchTestClass.FullRegtest">
    <ignored/>
  </testcase> <!-- TitleTest1 -->
  <testcase name="LastNameTest1" time="0.0" classname="com.maven.PchTestClass.FullRegtest">
    <ignored/>
  </testcase> <!-- LastNameTest1 -->
</testsuite> <!-- NoLName PageReg Test3 -->
