<?xml version="1.0" encoding="UTF-8"?>
<!-- Generated by org.testng.reporters.JUnitXMLReporter -->
<testsuite hostname="INW-170" ignored="27" name="NoLName PageReg Test2" tests="13" failures="0" timestamp="30 May 2019 15:14:27 GMT" time="3.486" errors="0">
  <testcase name="Refresh" time="1.809" classname="com.maven.PchTestClass.FullRegtest"/>
  <testcase name="TitleTest" time="0.142" classname="com.maven.PchTestClass.FullRegtest"/>
  <testcase name="FirstNameTest" time="0.105" classname="com.maven.PchTestClass.FullRegtest"/>
  <testcase name="AddTest" time="0.086" classname="com.maven.PchTestClass.FullRegtest"/>
  <testcase name="AptTest" time="0.138" classname="com.maven.PchTestClass.FullRegtest"/>
  <testcase name="CityTest" time="0.168" classname="com.maven.PchTestClass.FullRegtest"/>
  <testcase name="StateTest" time="0.098" classname="com.maven.PchTestClass.FullRegtest"/>
  <testcase name="ZipTest" time="0.119" classname="com.maven.PchTestClass.FullRegtest"/>
  <testcase name="EmailTest" time="0.246" classname="com.maven.PchTestClass.FullRegtest"/>
  <testcase name="CnEmailTest2" time="0.291" classname="com.maven.PchTestClass.FullRegtest"/>
  <testcase name="PwdTest" time="0.089" classname="com.maven.PchTestClass.FullRegtest"/>
  <testcase name="CnPwdTest" time="0.087" classname="com.maven.PchTestClass.FullRegtest"/>
  <testcase name="SubmitbtnTest" time="0.082" classname="com.maven.PchTestClass.FullRegtest"/>
  <testcase name="LastNameTest" time="0.0" classname="com.maven.PchTestClass.FullRegtest">
    <ignored/>
  </testcase> <!-- LastNameTest -->
  <testcase name="LastNameTest2" time="0.0" classname="com.maven.PchTestClass.FullRegtest">
    <ignored/>
  </testcase> <!-- LastNameTest2 -->
  <testcase name="LastNameTest1" time="0.0" classname="com.maven.PchTestClass.FullRegtest">
    <ignored/>
  </testcase> <!-- LastNameTest1 -->
  <testcase name="StateTest1" time="0.0" classname="com.maven.PchTestClass.FullRegtest">
    <ignored/>
  </testcase> <!-- StateTest1 -->
  <testcase name="StateTest2" time="0.0" classname="com.maven.PchTestClass.FullRegtest">
    <ignored/>
  </testcase> <!-- StateTest2 -->
  <testcase name="CnPwdTest1" time="0.0" classname="com.maven.PchTestClass.FullRegtest">
    <ignored/>
  </testcase> <!-- CnPwdTest1 -->
  <testcase name="TitleTest2" time="0.0" classname="com.maven.PchTestClass.FullRegtest">
    <ignored/>
  </testcase> <!-- TitleTest2 -->
  <testcase name="CityTest1" time="0.0" classname="com.maven.PchTestClass.FullRegtest">
    <ignored/>
  </testcase> <!-- CityTest1 -->
  <testcase name="CnPwdTest2" time="0.0" classname="com.maven.PchTestClass.FullRegtest">
    <ignored/>
  </testcase> <!-- CnPwdTest2 -->
  <testcase name="FirstNameTest1" time="0.0" classname="com.maven.PchTestClass.FullRegtest">
    <ignored/>
  </testcase> <!-- FirstNameTest1 -->
  <testcase name="TitleTest1" time="0.0" classname="com.maven.PchTestClass.FullRegtest">
    <ignored/>
  </testcase> <!-- TitleTest1 -->
  <testcase name="AptTest1" time="0.0" classname="com.maven.PchTestClass.FullRegtest">
    <ignored/>
  </testcase> <!-- AptTest1 -->
  <testcase name="AptTest2" time="0.0" classname="com.maven.PchTestClass.FullRegtest">
    <ignored/>
  </testcase> <!-- AptTest2 -->
  <testcase name="CnEmailTest" time="0.0" classname="com.maven.PchTestClass.FullRegtest">
    <ignored/>
  </testcase> <!-- CnEmailTest -->
  <testcase name="CnEmailTest1" time="0.0" classname="com.maven.PchTestClass.FullRegtest">
    <ignored/>
  </testcase> <!-- CnEmailTest1 -->
  <testcase name="BlankSubmitbtnTest" time="0.0" classname="com.maven.PchTestClass.FullRegtest">
    <ignored/>
  </testcase> <!-- BlankSubmitbtnTest -->
  <testcase name="EmailTest1" time="0.0" classname="com.maven.PchTestClass.FullRegtest">
    <ignored/>
  </testcase> <!-- EmailTest1 -->
  <testcase name="CityTest2" time="0.0" classname="com.maven.PchTestClass.FullRegtest">
    <ignored/>
  </testcase> <!-- CityTest2 -->
  <testcase name="SubmitbtnTest2" time="0.0" classname="com.maven.PchTestClass.FullRegtest">
    <ignored/>
  </testcase> <!-- SubmitbtnTest2 -->
  <testcase name="EmailTest2" time="0.0" classname="com.maven.PchTestClass.FullRegtest">
    <ignored/>
  </testcase> <!-- EmailTest2 -->
  <testcase name="SubmitbtnTest1" time="0.0" classname="com.maven.PchTestClass.FullRegtest">
    <ignored/>
  </testcase> <!-- SubmitbtnTest1 -->
  <testcase name="AddTest1" time="0.0" classname="com.maven.PchTestClass.FullRegtest">
    <ignored/>
  </testcase> <!-- AddTest1 -->
  <testcase name="AddTest2" time="0.0" classname="com.maven.PchTestClass.FullRegtest">
    <ignored/>
  </testcase> <!-- AddTest2 -->
  <testcase name="PwdTest1" time="0.0" classname="com.maven.PchTestClass.FullRegtest">
    <ignored/>
  </testcase> <!-- PwdTest1 -->
  <testcase name="PwdTest2" time="0.0" classname="com.maven.PchTestClass.FullRegtest">
    <ignored/>
  </testcase> <!-- PwdTest2 -->
  <testcase name="ZipTest1" time="0.0" classname="com.maven.PchTestClass.FullRegtest">
    <ignored/>
  </testcase> <!-- ZipTest1 -->
  <testcase name="ZipTest2" time="0.0" classname="com.maven.PchTestClass.FullRegtest">
    <ignored/>
  </testcase> <!-- ZipTest2 -->
</testsuite> <!-- NoLName PageReg Test2 -->
