<?xml version="1.0" encoding="UTF-8"?>
<!-- Generated by org.testng.reporters.JUnitXMLReporter -->
<testsuite hostname="INW-170" ignored="2" name="People_test" tests="1" failures="0" timestamp="30 Sep 2019 11:27:13 GMT" time="9.092" errors="0">
  <testcase name="NewPersonTest" time="9.086" classname="com.maven.CapsuleMain.Test.NewPerson"/>
  <testcase name="Browser" time="0.0" classname="com.maven.Utilities.OpenTest">
    <ignored/>
  </testcase> <!-- Browser -->
  <testcase name="LoginTest" time="0.0" classname="com.maven.CapsuleMain.Test.CapsuleLoginTest">
    <ignored/>
  </testcase> <!-- LoginTest -->
</testsuite> <!-- People_test -->
